2021-09-15_11-19-41 [restartedMain] INFO  o.s.b.d.e.DevToolsPropertyDefaultsPostProcessor - Devtools property defaults active! Set 'spring.devtools.add-properties' to 'false' to disable
2021-09-15_11-19-41 [restartedMain] INFO  c.c.a.AuthorizatiionMicroserviceApplication - No active profile set, falling back to default profiles: default
2021-09-15_11-19-41 [restartedMain] INFO  o.s.d.r.c.RepositoryConfigurationDelegate - Bootstrapping Spring Data JPA repositories in DEFERRED mode.
2021-09-15_11-19-41 [restartedMain] INFO  o.s.d.r.c.RepositoryConfigurationDelegate - Finished Spring Data repository scanning in 107ms. Found 1 JPA repository interfaces.
2021-09-15_11-19-41 [restartedMain] INFO  o.s.cloud.context.scope.GenericScope - BeanFactory id=69e91d5e-5882-35b1-ab22-fa36fd2aab94
2021-09-15_11-19-41 [restartedMain] INFO  o.s.b.w.e.tomcat.TomcatWebServer - Tomcat initialized with port(s): 8084 (http)
2021-09-15_11-19-41 [restartedMain] INFO  o.a.coyote.http11.Http11NioProtocol - Initializing ProtocolHandler ["http-nio-8084"]
2021-09-15_11-19-41 [restartedMain] INFO  o.a.catalina.core.StandardService - Starting service [Tomcat]
2021-09-15_11-19-41 [restartedMain] INFO  o.a.catalina.core.StandardEngine - Starting Servlet engine: [Apache Tomcat/9.0.37]
2021-09-15_11-19-41 [restartedMain] INFO  o.a.c.c.C.[.[localhost].[/auth] - Initializing Spring embedded WebApplicationContext
2021-09-15_11-19-41 [restartedMain] INFO  o.s.b.w.s.c.ServletWebServerApplicationContext - Root WebApplicationContext: initialization completed in 2772 ms
2021-09-15_11-19-41 [restartedMain] INFO  com.zaxxer.hikari.HikariDataSource - HikariPool-1 - Starting...
2021-09-15_11-19-41 [restartedMain] INFO  com.zaxxer.hikari.HikariDataSource - HikariPool-1 - Start completed.
2021-09-15_11-19-41 [restartedMain] INFO  o.s.b.a.h.H2ConsoleAutoConfiguration - H2 console available at '/h2-console'. Database available at 'jdbc:h2:mem:pharmadb'
2021-09-15_11-19-41 [restartedMain] INFO  o.s.s.c.ThreadPoolTaskExecutor - Initializing ExecutorService 'applicationTaskExecutor'
2021-09-15_11-19-41 [task-1] INFO  o.h.jpa.internal.util.LogHelper - HHH000204: Processing PersistenceUnitInfo [name: default]
2021-09-15_11-19-41 [task-1] INFO  org.hibernate.Version - HHH000412: Hibernate ORM core version 5.4.18.Final
2021-09-15_11-19-41 [task-1] INFO  o.h.annotations.common.Version - HCANN000001: Hibernate Commons Annotations {5.1.0.Final}
2021-09-15_11-19-41 [task-1] INFO  org.hibernate.dialect.Dialect - HHH000400: Using dialect: org.hibernate.dialect.H2Dialect
2021-09-15_11-19-41 [restartedMain] INFO  s.d.s.w.PropertySourcedRequestMappingHandlerMapping - Mapped URL path [/v2/api-docs] onto method [springfox.documentation.swagger2.web.Swagger2Controller#getDocumentation(String, HttpServletRequest)]
2021-09-15_11-19-41 [restartedMain] INFO  o.s.s.web.DefaultSecurityFilterChain - Creating filter chain: any request, [org.springframework.security.web.context.request.async.WebAsyncManagerIntegrationFilter@267660f1, org.springframework.security.web.context.SecurityContextPersistenceFilter@78f8d831, org.springframework.security.web.header.HeaderWriterFilter@49b93130, org.springframework.security.web.authentication.logout.LogoutFilter@94bc21f, com.cts.authorization.config.JwtRequestFilter@48d8b6f6, org.springframework.security.web.savedrequest.RequestCacheAwareFilter@338b910e, org.springframework.security.web.servletapi.SecurityContextHolderAwareRequestFilter@5f41bdee, org.springframework.security.web.authentication.AnonymousAuthenticationFilter@7eb07405, org.springframework.security.web.session.SessionManagementFilter@47ef8e2c, org.springframework.security.web.access.ExceptionTranslationFilter@7e6f7c51, org.springframework.security.web.access.intercept.FilterSecurityInterceptor@4f1fda28]
2021-09-15_11-19-41 [restartedMain] INFO  c.n.c.sources.URLConfigurationSource - To enable URLs as dynamic configuration sources, define System property archaius.configurationSource.additionalUrls or make config.properties available on classpath.
2021-09-15_11-19-41 [restartedMain] INFO  c.n.c.sources.URLConfigurationSource - To enable URLs as dynamic configuration sources, define System property archaius.configurationSource.additionalUrls or make config.properties available on classpath.
2021-09-15_11-19-41 [restartedMain] INFO  o.s.b.d.a.OptionalLiveReloadServer - LiveReload server is running on port 35729
2021-09-15_11-19-41 [task-1] INFO  o.h.e.t.j.p.i.JtaPlatformInitiator - HHH000490: Using JtaPlatform implementation: [org.hibernate.engine.transaction.jta.platform.internal.NoJtaPlatform]
2021-09-15_11-19-41 [restartedMain] INFO  o.a.coyote.http11.Http11NioProtocol - Starting ProtocolHandler ["http-nio-8084"]
2021-09-15_11-19-41 [task-1] INFO  o.s.o.j.LocalContainerEntityManagerFactoryBean - Initialized JPA EntityManagerFactory for persistence unit 'default'
2021-09-15_11-19-41 [restartedMain] INFO  o.s.b.w.e.tomcat.TomcatWebServer - Tomcat started on port(s): 8084 (http) with context path '/auth'
2021-09-15_11-19-41 [restartedMain] INFO  s.d.s.w.p.DocumentationPluginsBootstrapper - Context refreshed
2021-09-15_11-19-41 [restartedMain] INFO  s.d.s.w.p.DocumentationPluginsBootstrapper - Found 1 custom documentation plugin(s)
2021-09-15_11-19-41 [restartedMain] INFO  s.d.s.w.s.ApiListingReferenceScanner - Scanning for api listing references
2021-09-15_11-19-41 [restartedMain] INFO  o.s.d.r.c.DeferredRepositoryInitializationListener - Triggering deferred initialization of Spring Data repositories…
2021-09-15_11-19-41 [restartedMain] INFO  o.s.d.r.c.DeferredRepositoryInitializationListener - Spring Data repositories initialized!
2021-09-15_11-19-41 [restartedMain] INFO  c.c.a.AuthorizatiionMicroserviceApplication - Started AuthorizatiionMicroserviceApplication in 6.775 seconds (JVM running for 8.031)
2021-09-15_11-19-41 [http-nio-8084-exec-1] INFO  o.a.c.c.C.[.[localhost].[/auth] - Initializing Spring DispatcherServlet 'dispatcherServlet'
2021-09-15_11-19-41 [http-nio-8084-exec-1] INFO  o.s.web.servlet.DispatcherServlet - Initializing Servlet 'dispatcherServlet'
2021-09-15_11-19-41 [http-nio-8084-exec-1] INFO  o.s.web.servlet.DispatcherServlet - Completed initialization in 7 ms
2021-09-15_11-19-41 [Thread-7] INFO  o.s.o.j.LocalContainerEntityManagerFactoryBean - Closing JPA EntityManagerFactory for persistence unit 'default'
2021-09-15_11-19-41 [Thread-7] INFO  o.h.t.s.i.SchemaDropperImpl$DelayedDropActionImpl - HHH000477: Starting delayed evictData of schema as part of SessionFactory shut-down'
2021-09-15_11-19-41 [Thread-7] INFO  o.s.s.c.ThreadPoolTaskExecutor - Shutting down ExecutorService 'applicationTaskExecutor'
2021-09-15_11-19-41 [Thread-7] INFO  com.zaxxer.hikari.HikariDataSource - HikariPool-1 - Shutdown initiated...
2021-09-15_11-19-41 [Thread-7] INFO  com.zaxxer.hikari.HikariDataSource - HikariPool-1 - Shutdown completed.
2021-09-15_11-22-11 [restartedMain] INFO  c.c.a.AuthorizatiionMicroserviceApplication - No active profile set, falling back to default profiles: default
2021-09-15_11-22-11 [restartedMain] INFO  o.s.d.r.c.RepositoryConfigurationDelegate - Bootstrapping Spring Data JPA repositories in DEFERRED mode.
2021-09-15_11-22-11 [restartedMain] INFO  o.s.d.r.c.RepositoryConfigurationDelegate - Finished Spring Data repository scanning in 16ms. Found 1 JPA repository interfaces.
2021-09-15_11-22-11 [restartedMain] INFO  o.s.cloud.context.scope.GenericScope - BeanFactory id=69e91d5e-5882-35b1-ab22-fa36fd2aab94
2021-09-15_11-22-11 [restartedMain] INFO  o.s.b.w.e.tomcat.TomcatWebServer - Tomcat initialized with port(s): 8084 (http)
2021-09-15_11-22-11 [restartedMain] INFO  o.a.coyote.http11.Http11NioProtocol - Initializing ProtocolHandler ["http-nio-8084"]
2021-09-15_11-22-11 [restartedMain] INFO  o.a.catalina.core.StandardService - Starting service [Tomcat]
2021-09-15_11-22-11 [restartedMain] INFO  o.a.catalina.core.StandardEngine - Starting Servlet engine: [Apache Tomcat/9.0.37]
2021-09-15_11-22-11 [restartedMain] INFO  o.a.c.c.C.[.[localhost].[/auth] - Initializing Spring embedded WebApplicationContext
2021-09-15_11-22-11 [restartedMain] INFO  o.s.b.w.s.c.ServletWebServerApplicationContext - Root WebApplicationContext: initialization completed in 566 ms
2021-09-15_11-22-11 [restartedMain] INFO  com.zaxxer.hikari.HikariDataSource - HikariPool-2 - Starting...
2021-09-15_11-22-11 [restartedMain] INFO  com.zaxxer.hikari.HikariDataSource - HikariPool-2 - Start completed.
2021-09-15_11-22-11 [restartedMain] INFO  o.s.b.a.h.H2ConsoleAutoConfiguration - H2 console available at '/h2-console'. Database available at 'jdbc:h2:mem:pharmadb'
2021-09-15_11-22-11 [restartedMain] INFO  o.s.s.c.ThreadPoolTaskExecutor - Initializing ExecutorService 'applicationTaskExecutor'
2021-09-15_11-22-11 [task-1] INFO  o.h.jpa.internal.util.LogHelper - HHH000204: Processing PersistenceUnitInfo [name: default]
2021-09-15_11-22-11 [task-1] INFO  org.hibernate.dialect.Dialect - HHH000400: Using dialect: org.hibernate.dialect.H2Dialect
2021-09-15_11-22-11 [task-1] INFO  o.h.e.t.j.p.i.JtaPlatformInitiator - HHH000490: Using JtaPlatform implementation: [org.hibernate.engine.transaction.jta.platform.internal.NoJtaPlatform]
2021-09-15_11-22-11 [task-1] INFO  o.s.o.j.LocalContainerEntityManagerFactoryBean - Initialized JPA EntityManagerFactory for persistence unit 'default'
2021-09-15_11-22-11 [restartedMain] INFO  o.s.b.d.a.OptionalLiveReloadServer - LiveReload server is running on port 35729
2021-09-15_11-22-11 [restartedMain] INFO  s.d.s.w.PropertySourcedRequestMappingHandlerMapping - Mapped URL path [/v2/api-docs] onto method [springfox.documentation.swagger2.web.Swagger2Controller#getDocumentation(String, HttpServletRequest)]
2021-09-15_11-22-11 [restartedMain] INFO  o.s.s.web.DefaultSecurityFilterChain - Creating filter chain: any request, [org.springframework.security.web.context.request.async.WebAsyncManagerIntegrationFilter@192e81f, org.springframework.security.web.context.SecurityContextPersistenceFilter@1c048d4a, org.springframework.security.web.header.HeaderWriterFilter@17c74e5, org.springframework.security.web.authentication.logout.LogoutFilter@1b996225, com.cts.authorization.config.JwtRequestFilter@694ebd8b, org.springframework.security.web.savedrequest.RequestCacheAwareFilter@5e60c4eb, org.springframework.security.web.servletapi.SecurityContextHolderAwareRequestFilter@3c59589e, org.springframework.security.web.authentication.AnonymousAuthenticationFilter@9b15bde, org.springframework.security.web.session.SessionManagementFilter@20d7ebdd, org.springframework.security.web.access.ExceptionTranslationFilter@468084cd, org.springframework.security.web.access.intercept.FilterSecurityInterceptor@74f91203]
2021-09-15_11-22-11 [restartedMain] INFO  c.n.c.sources.URLConfigurationSource - To enable URLs as dynamic configuration sources, define System property archaius.configurationSource.additionalUrls or make config.properties available on classpath.
2021-09-15_11-22-11 [restartedMain] INFO  o.a.coyote.http11.Http11NioProtocol - Starting ProtocolHandler ["http-nio-8084"]
2021-09-15_11-22-11 [restartedMain] INFO  o.s.b.w.e.tomcat.TomcatWebServer - Tomcat started on port(s): 8084 (http) with context path '/auth'
2021-09-15_11-22-11 [restartedMain] INFO  s.d.s.w.p.DocumentationPluginsBootstrapper - Context refreshed
2021-09-15_11-22-11 [restartedMain] INFO  s.d.s.w.p.DocumentationPluginsBootstrapper - Found 1 custom documentation plugin(s)
2021-09-15_11-22-11 [restartedMain] INFO  s.d.s.w.s.ApiListingReferenceScanner - Scanning for api listing references
2021-09-15_11-22-11 [restartedMain] INFO  o.s.d.r.c.DeferredRepositoryInitializationListener - Triggering deferred initialization of Spring Data repositories…
2021-09-15_11-22-11 [restartedMain] INFO  o.s.d.r.c.DeferredRepositoryInitializationListener - Spring Data repositories initialized!
2021-09-15_11-22-11 [restartedMain] INFO  c.c.a.AuthorizatiionMicroserviceApplication - Started AuthorizatiionMicroserviceApplication in 1.515 seconds (JVM running for 153.625)
2021-09-15_11-22-11 [restartedMain] INFO  o.s.b.d.a.ConditionEvaluationDeltaLoggingListener - Condition evaluation unchanged
2021-09-15_11-22-11 [Thread-12] INFO  o.s.o.j.LocalContainerEntityManagerFactoryBean - Closing JPA EntityManagerFactory for persistence unit 'default'
2021-09-15_11-22-11 [Thread-12] INFO  o.h.t.s.i.SchemaDropperImpl$DelayedDropActionImpl - HHH000477: Starting delayed evictData of schema as part of SessionFactory shut-down'
2021-09-15_11-22-11 [Thread-12] INFO  o.s.s.c.ThreadPoolTaskExecutor - Shutting down ExecutorService 'applicationTaskExecutor'
2021-09-15_11-22-11 [Thread-12] INFO  com.zaxxer.hikari.HikariDataSource - HikariPool-2 - Shutdown initiated...
2021-09-15_11-22-11 [Thread-12] INFO  com.zaxxer.hikari.HikariDataSource - HikariPool-2 - Shutdown completed.
2021-09-15_11-22-50 [restartedMain] INFO  c.c.a.AuthorizatiionMicroserviceApplication - No active profile set, falling back to default profiles: default
2021-09-15_11-22-50 [restartedMain] INFO  o.s.d.r.c.RepositoryConfigurationDelegate - Bootstrapping Spring Data JPA repositories in DEFERRED mode.
2021-09-15_11-22-50 [restartedMain] INFO  o.s.d.r.c.RepositoryConfigurationDelegate - Finished Spring Data repository scanning in 19ms. Found 1 JPA repository interfaces.
2021-09-15_11-22-50 [restartedMain] INFO  o.s.cloud.context.scope.GenericScope - BeanFactory id=69e91d5e-5882-35b1-ab22-fa36fd2aab94
2021-09-15_11-22-50 [restartedMain] INFO  o.s.b.w.e.tomcat.TomcatWebServer - Tomcat initialized with port(s): 8084 (http)
2021-09-15_11-22-50 [restartedMain] INFO  o.a.coyote.http11.Http11NioProtocol - Initializing ProtocolHandler ["http-nio-8084"]
2021-09-15_11-22-50 [restartedMain] INFO  o.a.catalina.core.StandardService - Starting service [Tomcat]
2021-09-15_11-22-50 [restartedMain] INFO  o.a.catalina.core.StandardEngine - Starting Servlet engine: [Apache Tomcat/9.0.37]
2021-09-15_11-22-50 [restartedMain] INFO  o.a.c.c.C.[.[localhost].[/auth] - Initializing Spring embedded WebApplicationContext
2021-09-15_11-22-50 [restartedMain] INFO  o.s.b.w.s.c.ServletWebServerApplicationContext - Root WebApplicationContext: initialization completed in 553 ms
2021-09-15_11-22-50 [restartedMain] INFO  com.zaxxer.hikari.HikariDataSource - HikariPool-3 - Starting...
2021-09-15_11-22-50 [restartedMain] INFO  com.zaxxer.hikari.HikariDataSource - HikariPool-3 - Start completed.
2021-09-15_11-22-50 [restartedMain] INFO  o.s.b.a.h.H2ConsoleAutoConfiguration - H2 console available at '/h2-console'. Database available at 'jdbc:h2:mem:pharmadb'
2021-09-15_11-22-50 [restartedMain] INFO  o.s.s.c.ThreadPoolTaskExecutor - Initializing ExecutorService 'applicationTaskExecutor'
2021-09-15_11-22-50 [task-1] INFO  o.h.jpa.internal.util.LogHelper - HHH000204: Processing PersistenceUnitInfo [name: default]
2021-09-15_11-22-50 [task-1] INFO  org.hibernate.dialect.Dialect - HHH000400: Using dialect: org.hibernate.dialect.H2Dialect
2021-09-15_11-22-50 [task-1] INFO  o.h.e.t.j.p.i.JtaPlatformInitiator - HHH000490: Using JtaPlatform implementation: [org.hibernate.engine.transaction.jta.platform.internal.NoJtaPlatform]
2021-09-15_11-22-50 [task-1] INFO  o.s.o.j.LocalContainerEntityManagerFactoryBean - Initialized JPA EntityManagerFactory for persistence unit 'default'
2021-09-15_11-22-50 [restartedMain] INFO  o.s.b.d.a.OptionalLiveReloadServer - LiveReload server is running on port 35729
2021-09-15_11-22-50 [restartedMain] INFO  s.d.s.w.PropertySourcedRequestMappingHandlerMapping - Mapped URL path [/v2/api-docs] onto method [springfox.documentation.swagger2.web.Swagger2Controller#getDocumentation(String, HttpServletRequest)]
2021-09-15_11-22-50 [restartedMain] INFO  o.s.s.web.DefaultSecurityFilterChain - Creating filter chain: any request, [org.springframework.security.web.context.request.async.WebAsyncManagerIntegrationFilter@54a43de3, org.springframework.security.web.context.SecurityContextPersistenceFilter@7a398ecb, org.springframework.security.web.header.HeaderWriterFilter@486c59d0, org.springframework.security.web.authentication.logout.LogoutFilter@25c05a0f, com.cts.authorization.config.JwtRequestFilter@49c1a9bc, org.springframework.security.web.savedrequest.RequestCacheAwareFilter@ada4504, org.springframework.security.web.servletapi.SecurityContextHolderAwareRequestFilter@20d23f56, org.springframework.security.web.authentication.AnonymousAuthenticationFilter@6f7dad4b, org.springframework.security.web.session.SessionManagementFilter@7488ea1b, org.springframework.security.web.access.ExceptionTranslationFilter@3de9bf4f, org.springframework.security.web.access.intercept.FilterSecurityInterceptor@3a7c7fe1]
2021-09-15_11-22-50 [restartedMain] INFO  c.n.c.sources.URLConfigurationSource - To enable URLs as dynamic configuration sources, define System property archaius.configurationSource.additionalUrls or make config.properties available on classpath.
2021-09-15_11-22-50 [restartedMain] INFO  o.a.coyote.http11.Http11NioProtocol - Starting ProtocolHandler ["http-nio-8084"]
2021-09-15_11-22-50 [restartedMain] INFO  o.s.b.w.e.tomcat.TomcatWebServer - Tomcat started on port(s): 8084 (http) with context path '/auth'
2021-09-15_11-22-50 [restartedMain] INFO  s.d.s.w.p.DocumentationPluginsBootstrapper - Context refreshed
2021-09-15_11-22-50 [restartedMain] INFO  s.d.s.w.p.DocumentationPluginsBootstrapper - Found 1 custom documentation plugin(s)
2021-09-15_11-22-50 [restartedMain] INFO  s.d.s.w.s.ApiListingReferenceScanner - Scanning for api listing references
2021-09-15_11-22-50 [restartedMain] INFO  o.s.d.r.c.DeferredRepositoryInitializationListener - Triggering deferred initialization of Spring Data repositories…
2021-09-15_11-22-50 [restartedMain] INFO  o.s.d.r.c.DeferredRepositoryInitializationListener - Spring Data repositories initialized!
2021-09-15_11-22-50 [restartedMain] INFO  c.c.a.AuthorizatiionMicroserviceApplication - Started AuthorizatiionMicroserviceApplication in 1.494 seconds (JVM running for 192.408)
2021-09-15_11-22-50 [restartedMain] INFO  o.s.b.d.a.ConditionEvaluationDeltaLoggingListener - Condition evaluation unchanged
2021-09-15_11-22-50 [http-nio-8084-exec-2] INFO  o.a.c.c.C.[.[localhost].[/auth] - Initializing Spring DispatcherServlet 'dispatcherServlet'
2021-09-15_11-22-50 [http-nio-8084-exec-2] INFO  o.s.web.servlet.DispatcherServlet - Initializing Servlet 'dispatcherServlet'
2021-09-15_11-22-50 [http-nio-8084-exec-2] INFO  o.s.web.servlet.DispatcherServlet - Completed initialization in 4 ms
2021-09-15_11-22-50 [http-nio-8084-exec-7] INFO  c.c.a.service.JwtUserDetailsService - User found
2021-09-15_11-22-50 [http-nio-8084-exec-7] INFO  c.c.a.service.JwtUserDetailsService - user successfully located
2021-09-15_11-22-50 [http-nio-8084-exec-7] INFO  c.c.a.service.JwtUserDetailsService - User found
2021-09-15_11-22-50 [http-nio-8084-exec-7] INFO  c.c.a.service.JwtUserDetailsService - user successfully located
2021-09-15_11-22-50 [http-nio-8084-exec-7] INFO  c.c.a.c.JwtAuthenticationController - eyJhbGciOiJIUzUxMiJ9.eyJzdWIiOiJhZG1pbnMiLCJleHAiOjE2MzE2ODgzNjksImlhdCI6MTYzMTY4NjU2OX0.kiXpbYgNoj0uGfX0asBM82cXqAJiwhDwK1PKdpWsFoyBQZ45WgT_1cDwKUJZ86obMOGyGcDGE0SXMj-z-HQjsg
2021-09-15_11-22-50 [http-nio-8084-exec-9] INFO  c.c.a.service.JwtUserDetailsService - User found
2021-09-15_11-22-50 [http-nio-8084-exec-9] INFO  c.c.a.service.JwtUserDetailsService - user successfully located
2021-09-15_11-22-50 [http-nio-8084-exec-9] INFO  c.c.a.service.JwtUserDetailsService - User found
2021-09-15_11-22-50 [http-nio-8084-exec-9] INFO  c.c.a.service.JwtUserDetailsService - user successfully located
2021-09-15_11-22-50 [http-nio-8084-exec-9] INFO  c.c.a.c.JwtAuthenticationController - eyJhbGciOiJIUzUxMiJ9.eyJzdWIiOiJ0ZXN0IiwiZXhwIjoxNjMxNjg4Mzg1LCJpYXQiOjE2MzE2ODY1ODV9.H1HNT57BjP3rcoC--8rsHyJyNuyKd-yudu3Ak2407KHp_ivyXEcCuEIALqBrxZQVfKSepBwH0C-pEw8NyLD64g
2021-09-15_11-22-50 [http-nio-8084-exec-1] INFO  c.c.a.service.JwtUserDetailsService - User found
2021-09-15_11-22-50 [http-nio-8084-exec-1] INFO  c.c.a.service.JwtUserDetailsService - user successfully located
2021-09-15_11-22-50 [http-nio-8084-exec-1] INFO  c.c.a.service.JwtUserDetailsService - User found
2021-09-15_11-22-50 [http-nio-8084-exec-1] INFO  c.c.a.service.JwtUserDetailsService - user successfully located
2021-09-15_11-22-50 [http-nio-8084-exec-1] INFO  c.c.a.c.JwtAuthenticationController - eyJhbGciOiJIUzUxMiJ9.eyJzdWIiOiJ0ZXN0IiwiZXhwIjoxNjMxNjg4Mzk3LCJpYXQiOjE2MzE2ODY1OTd9.Wr9rjazyHKLcG5GnXl93pqrfNVAphBH6X4_KrD_Y9Unj69gRcnmEZKaWJPvjUOblpAs5DqXuVfNEvbAh8-ySZw
2021-09-15_11-22-50 [Thread-20] INFO  o.s.o.j.LocalContainerEntityManagerFactoryBean - Closing JPA EntityManagerFactory for persistence unit 'default'
2021-09-15_11-22-50 [Thread-20] INFO  o.h.t.s.i.SchemaDropperImpl$DelayedDropActionImpl - HHH000477: Starting delayed evictData of schema as part of SessionFactory shut-down'
2021-09-15_11-22-50 [Thread-20] INFO  o.s.s.c.ThreadPoolTaskExecutor - Shutting down ExecutorService 'applicationTaskExecutor'
2021-09-15_11-22-50 [Thread-20] INFO  com.zaxxer.hikari.HikariDataSource - HikariPool-3 - Shutdown initiated...
2021-09-15_11-22-50 [Thread-20] INFO  com.zaxxer.hikari.HikariDataSource - HikariPool-3 - Shutdown completed.
2021-09-15_15-25-19 [restartedMain] INFO  c.c.a.AuthorizatiionMicroserviceApplication - No active profile set, falling back to default profiles: default
2021-09-15_15-25-19 [restartedMain] INFO  o.s.d.r.c.RepositoryConfigurationDelegate - Bootstrapping Spring Data JPA repositories in DEFERRED mode.
2021-09-15_15-25-19 [restartedMain] INFO  o.s.d.r.c.RepositoryConfigurationDelegate - Finished Spring Data repository scanning in 18ms. Found 1 JPA repository interfaces.
2021-09-15_15-25-19 [restartedMain] INFO  o.s.cloud.context.scope.GenericScope - BeanFactory id=69e91d5e-5882-35b1-ab22-fa36fd2aab94
2021-09-15_15-25-19 [restartedMain] INFO  o.s.b.w.e.tomcat.TomcatWebServer - Tomcat initialized with port(s): 8084 (http)
2021-09-15_15-25-19 [restartedMain] INFO  o.a.coyote.http11.Http11NioProtocol - Initializing ProtocolHandler ["http-nio-8084"]
2021-09-15_15-25-19 [restartedMain] INFO  o.a.catalina.core.StandardService - Starting service [Tomcat]
2021-09-15_15-25-19 [restartedMain] INFO  o.a.catalina.core.StandardEngine - Starting Servlet engine: [Apache Tomcat/9.0.37]
2021-09-15_15-25-19 [restartedMain] INFO  o.a.c.c.C.[.[localhost].[/auth] - Initializing Spring embedded WebApplicationContext
2021-09-15_15-25-19 [restartedMain] INFO  o.s.b.w.s.c.ServletWebServerApplicationContext - Root WebApplicationContext: initialization completed in 713 ms
2021-09-15_15-25-19 [restartedMain] INFO  com.zaxxer.hikari.HikariDataSource - HikariPool-4 - Starting...
2021-09-15_15-25-19 [restartedMain] INFO  com.zaxxer.hikari.HikariDataSource - HikariPool-4 - Start completed.
2021-09-15_15-25-19 [restartedMain] INFO  o.s.b.a.h.H2ConsoleAutoConfiguration - H2 console available at '/h2-console'. Database available at 'jdbc:h2:mem:pharmadb'
2021-09-15_15-25-19 [restartedMain] INFO  o.s.s.c.ThreadPoolTaskExecutor - Initializing ExecutorService 'applicationTaskExecutor'
2021-09-15_15-25-19 [task-1] INFO  o.h.jpa.internal.util.LogHelper - HHH000204: Processing PersistenceUnitInfo [name: default]
2021-09-15_15-25-19 [task-1] INFO  org.hibernate.dialect.Dialect - HHH000400: Using dialect: org.hibernate.dialect.H2Dialect
2021-09-15_15-25-19 [task-1] INFO  o.h.e.t.j.p.i.JtaPlatformInitiator - HHH000490: Using JtaPlatform implementation: [org.hibernate.engine.transaction.jta.platform.internal.NoJtaPlatform]
2021-09-15_15-25-19 [task-1] INFO  o.s.o.j.LocalContainerEntityManagerFactoryBean - Initialized JPA EntityManagerFactory for persistence unit 'default'
2021-09-15_15-25-19 [restartedMain] INFO  o.s.b.d.a.OptionalLiveReloadServer - LiveReload server is running on port 35729
2021-09-15_15-25-19 [restartedMain] INFO  s.d.s.w.PropertySourcedRequestMappingHandlerMapping - Mapped URL path [/v2/api-docs] onto method [springfox.documentation.swagger2.web.Swagger2Controller#getDocumentation(String, HttpServletRequest)]
2021-09-15_15-25-19 [restartedMain] INFO  o.s.s.web.DefaultSecurityFilterChain - Creating filter chain: any request, [org.springframework.security.web.context.request.async.WebAsyncManagerIntegrationFilter@44c4f736, org.springframework.security.web.context.SecurityContextPersistenceFilter@3d2a3ab2, org.springframework.security.web.header.HeaderWriterFilter@417fc3d9, org.springframework.security.web.authentication.logout.LogoutFilter@3be1288, com.cts.authorization.config.JwtRequestFilter@66f0e6ba, org.springframework.security.web.savedrequest.RequestCacheAwareFilter@4aa1e84d, org.springframework.security.web.servletapi.SecurityContextHolderAwareRequestFilter@757f8bcb, org.springframework.security.web.authentication.AnonymousAuthenticationFilter@552bd9e9, org.springframework.security.web.session.SessionManagementFilter@6896e7bc, org.springframework.security.web.access.ExceptionTranslationFilter@6a73a1e3, org.springframework.security.web.access.intercept.FilterSecurityInterceptor@52ddd6a5]
2021-09-15_15-25-19 [restartedMain] INFO  c.n.c.sources.URLConfigurationSource - To enable URLs as dynamic configuration sources, define System property archaius.configurationSource.additionalUrls or make config.properties available on classpath.
2021-09-15_15-25-19 [restartedMain] INFO  o.a.coyote.http11.Http11NioProtocol - Starting ProtocolHandler ["http-nio-8084"]
2021-09-15_15-25-19 [restartedMain] INFO  o.s.b.w.e.tomcat.TomcatWebServer - Tomcat started on port(s): 8084 (http) with context path '/auth'
2021-09-15_15-25-19 [restartedMain] INFO  s.d.s.w.p.DocumentationPluginsBootstrapper - Context refreshed
2021-09-15_15-25-19 [restartedMain] INFO  s.d.s.w.p.DocumentationPluginsBootstrapper - Found 1 custom documentation plugin(s)
2021-09-15_15-25-19 [restartedMain] INFO  s.d.s.w.s.ApiListingReferenceScanner - Scanning for api listing references
2021-09-15_15-25-19 [restartedMain] INFO  o.s.d.r.c.DeferredRepositoryInitializationListener - Triggering deferred initialization of Spring Data repositories…
2021-09-15_15-25-19 [restartedMain] INFO  o.s.d.r.c.DeferredRepositoryInitializationListener - Spring Data repositories initialized!
2021-09-15_15-25-19 [restartedMain] INFO  c.c.a.AuthorizatiionMicroserviceApplication - Started AuthorizatiionMicroserviceApplication in 2.196 seconds (JVM running for 14741.438)
2021-09-15_15-25-19 [restartedMain] INFO  o.s.b.d.a.ConditionEvaluationDeltaLoggingListener - Condition evaluation unchanged
2021-09-15_15-25-19 [http-nio-8084-exec-2] INFO  o.a.c.c.C.[.[localhost].[/auth] - Initializing Spring DispatcherServlet 'dispatcherServlet'
2021-09-15_15-25-19 [http-nio-8084-exec-2] INFO  o.s.web.servlet.DispatcherServlet - Initializing Servlet 'dispatcherServlet'
2021-09-15_15-25-19 [http-nio-8084-exec-2] INFO  o.s.web.servlet.DispatcherServlet - Completed initialization in 3 ms
2021-09-15_15-25-19 [http-nio-8084-exec-3] INFO  c.c.a.service.JwtUserDetailsService - User found
2021-09-15_15-25-19 [http-nio-8084-exec-3] INFO  c.c.a.service.JwtUserDetailsService - user successfully located
2021-09-15_15-25-19 [http-nio-8084-exec-3] INFO  c.c.a.service.JwtUserDetailsService - User found
2021-09-15_15-25-19 [http-nio-8084-exec-3] INFO  c.c.a.service.JwtUserDetailsService - user successfully located
2021-09-15_15-25-19 [http-nio-8084-exec-3] INFO  c.c.a.c.JwtAuthenticationController - eyJhbGciOiJIUzUxMiJ9.eyJzdWIiOiJhZG1pbiIsImV4cCI6MTYzMTcwMTgxMSwiaWF0IjoxNjMxNzAwMDExfQ.J1h1Lmq8oWwmw3rRGZKoYoXGMw2j8uZ4WD0NmKkQZ7tdg_lxSyxmnuwwcUi2-ubM5m6nPJUAXm_evlPT9lN_mg
2021-09-15_15-25-19 [RMI TCP Connection(256)-127.0.0.1] INFO  o.s.b.a.SpringApplicationAdminMXBeanRegistrar$SpringApplicationAdmin - Application shutdown requested.
2021-09-15_15-25-19 [RMI TCP Connection(256)-127.0.0.1] INFO  o.a.coyote.http11.Http11NioProtocol - Pausing ProtocolHandler ["http-nio-8084"]
2021-09-15_15-25-19 [RMI TCP Connection(256)-127.0.0.1] INFO  o.a.catalina.core.StandardService - Stopping service [Tomcat]
2021-09-15_15-25-19 [RMI TCP Connection(256)-127.0.0.1] INFO  o.a.c.c.C.[.[localhost].[/auth] - Destroying Spring FrameworkServlet 'dispatcherServlet'
2021-09-15_15-25-19 [RMI TCP Connection(256)-127.0.0.1] INFO  o.a.coyote.http11.Http11NioProtocol - Stopping ProtocolHandler ["http-nio-8084"]
2021-09-15_15-25-19 [RMI TCP Connection(256)-127.0.0.1] INFO  o.a.coyote.http11.Http11NioProtocol - Destroying ProtocolHandler ["http-nio-8084"]
2021-09-15_15-25-19 [RMI TCP Connection(256)-127.0.0.1] INFO  o.s.o.j.LocalContainerEntityManagerFactoryBean - Closing JPA EntityManagerFactory for persistence unit 'default'
2021-09-15_15-25-19 [RMI TCP Connection(256)-127.0.0.1] INFO  o.h.t.s.i.SchemaDropperImpl$DelayedDropActionImpl - HHH000477: Starting delayed evictData of schema as part of SessionFactory shut-down'
2021-09-15_15-25-19 [RMI TCP Connection(256)-127.0.0.1] INFO  o.s.s.c.ThreadPoolTaskExecutor - Shutting down ExecutorService 'applicationTaskExecutor'
2021-09-15_15-25-19 [RMI TCP Connection(256)-127.0.0.1] INFO  com.zaxxer.hikari.HikariDataSource - HikariPool-4 - Shutdown initiated...
2021-09-15_15-25-19 [RMI TCP Connection(256)-127.0.0.1] INFO  com.zaxxer.hikari.HikariDataSource - HikariPool-4 - Shutdown completed.
2021-09-15_15-31-25 [restartedMain] INFO  o.s.b.d.e.DevToolsPropertyDefaultsPostProcessor - Devtools property defaults active! Set 'spring.devtools.add-properties' to 'false' to disable
2021-09-15_15-31-25 [restartedMain] INFO  c.c.a.AuthorizatiionMicroserviceApplication - No active profile set, falling back to default profiles: default
2021-09-15_15-31-25 [restartedMain] INFO  o.s.d.r.c.RepositoryConfigurationDelegate - Bootstrapping Spring Data JPA repositories in DEFERRED mode.
2021-09-15_15-31-25 [restartedMain] INFO  o.s.d.r.c.RepositoryConfigurationDelegate - Finished Spring Data repository scanning in 62ms. Found 1 JPA repository interfaces.
2021-09-15_15-31-25 [restartedMain] INFO  o.s.cloud.context.scope.GenericScope - BeanFactory id=69e91d5e-5882-35b1-ab22-fa36fd2aab94
2021-09-15_15-31-25 [restartedMain] INFO  o.s.b.w.e.tomcat.TomcatWebServer - Tomcat initialized with port(s): 8084 (http)
2021-09-15_15-31-25 [restartedMain] INFO  o.a.coyote.http11.Http11NioProtocol - Initializing ProtocolHandler ["http-nio-8084"]
2021-09-15_15-31-25 [restartedMain] INFO  o.a.catalina.core.StandardService - Starting service [Tomcat]
2021-09-15_15-31-25 [restartedMain] INFO  o.a.catalina.core.StandardEngine - Starting Servlet engine: [Apache Tomcat/9.0.37]
2021-09-15_15-31-25 [restartedMain] INFO  o.a.c.c.C.[.[localhost].[/auth] - Initializing Spring embedded WebApplicationContext
2021-09-15_15-31-25 [restartedMain] INFO  o.s.b.w.s.c.ServletWebServerApplicationContext - Root WebApplicationContext: initialization completed in 2020 ms
2021-09-15_15-31-25 [restartedMain] INFO  com.zaxxer.hikari.HikariDataSource - HikariPool-1 - Starting...
2021-09-15_15-31-25 [restartedMain] INFO  com.zaxxer.hikari.HikariDataSource - HikariPool-1 - Start completed.
2021-09-15_15-31-25 [restartedMain] INFO  o.s.b.a.h.H2ConsoleAutoConfiguration - H2 console available at '/h2-console'. Database available at 'jdbc:h2:mem:pharmadb'
2021-09-15_15-31-25 [restartedMain] INFO  o.s.s.c.ThreadPoolTaskExecutor - Initializing ExecutorService 'applicationTaskExecutor'
2021-09-15_15-31-25 [task-1] INFO  o.h.jpa.internal.util.LogHelper - HHH000204: Processing PersistenceUnitInfo [name: default]
2021-09-15_15-31-25 [task-1] INFO  org.hibernate.Version - HHH000412: Hibernate ORM core version 5.4.18.Final
2021-09-15_15-31-25 [task-1] INFO  o.h.annotations.common.Version - HCANN000001: Hibernate Commons Annotations {5.1.0.Final}
2021-09-15_15-31-25 [task-1] INFO  org.hibernate.dialect.Dialect - HHH000400: Using dialect: org.hibernate.dialect.H2Dialect
2021-09-15_15-31-25 [restartedMain] INFO  s.d.s.w.PropertySourcedRequestMappingHandlerMapping - Mapped URL path [/v2/api-docs] onto method [springfox.documentation.swagger2.web.Swagger2Controller#getDocumentation(String, HttpServletRequest)]
2021-09-15_15-31-25 [restartedMain] INFO  o.s.s.web.DefaultSecurityFilterChain - Creating filter chain: any request, [org.springframework.security.web.context.request.async.WebAsyncManagerIntegrationFilter@17354282, org.springframework.security.web.context.SecurityContextPersistenceFilter@66d54816, org.springframework.security.web.header.HeaderWriterFilter@66c0dfc3, org.springframework.security.web.authentication.logout.LogoutFilter@89224e3, com.cts.authorization.config.JwtRequestFilter@4ac46b25, org.springframework.security.web.savedrequest.RequestCacheAwareFilter@3764f669, org.springframework.security.web.servletapi.SecurityContextHolderAwareRequestFilter@45d1c7f2, org.springframework.security.web.authentication.AnonymousAuthenticationFilter@7481899e, org.springframework.security.web.session.SessionManagementFilter@413a16e3, org.springframework.security.web.access.ExceptionTranslationFilter@5552c084, org.springframework.security.web.access.intercept.FilterSecurityInterceptor@679d1e0e]
2021-09-15_15-31-25 [restartedMain] INFO  c.n.c.sources.URLConfigurationSource - To enable URLs as dynamic configuration sources, define System property archaius.configurationSource.additionalUrls or make config.properties available on classpath.
2021-09-15_15-31-25 [restartedMain] INFO  c.n.c.sources.URLConfigurationSource - To enable URLs as dynamic configuration sources, define System property archaius.configurationSource.additionalUrls or make config.properties available on classpath.
2021-09-15_15-31-25 [restartedMain] INFO  o.s.b.d.a.OptionalLiveReloadServer - LiveReload server is running on port 35729
2021-09-15_15-31-25 [restartedMain] INFO  o.a.coyote.http11.Http11NioProtocol - Starting ProtocolHandler ["http-nio-8084"]
2021-09-15_15-31-25 [task-1] INFO  o.h.e.t.j.p.i.JtaPlatformInitiator - HHH000490: Using JtaPlatform implementation: [org.hibernate.engine.transaction.jta.platform.internal.NoJtaPlatform]
2021-09-15_15-31-25 [task-1] INFO  o.s.o.j.LocalContainerEntityManagerFactoryBean - Initialized JPA EntityManagerFactory for persistence unit 'default'
2021-09-15_15-31-25 [restartedMain] INFO  o.s.b.w.e.tomcat.TomcatWebServer - Tomcat started on port(s): 8084 (http) with context path '/auth'
2021-09-15_15-31-25 [http-nio-8084-exec-1] INFO  o.a.c.c.C.[.[localhost].[/auth] - Initializing Spring DispatcherServlet 'dispatcherServlet'
2021-09-15_15-31-25 [http-nio-8084-exec-1] INFO  o.s.web.servlet.DispatcherServlet - Initializing Servlet 'dispatcherServlet'
2021-09-15_15-31-25 [http-nio-8084-exec-1] INFO  o.s.web.servlet.DispatcherServlet - Completed initialization in 9 ms
2021-09-15_15-31-25 [restartedMain] INFO  s.d.s.w.p.DocumentationPluginsBootstrapper - Context refreshed
2021-09-15_15-31-25 [restartedMain] INFO  s.d.s.w.p.DocumentationPluginsBootstrapper - Found 1 custom documentation plugin(s)
2021-09-15_15-31-25 [restartedMain] INFO  s.d.s.w.s.ApiListingReferenceScanner - Scanning for api listing references
2021-09-15_15-31-25 [restartedMain] INFO  o.s.d.r.c.DeferredRepositoryInitializationListener - Triggering deferred initialization of Spring Data repositories…
2021-09-15_15-31-25 [restartedMain] INFO  o.s.d.r.c.DeferredRepositoryInitializationListener - Spring Data repositories initialized!
2021-09-15_15-31-25 [restartedMain] INFO  c.c.a.AuthorizatiionMicroserviceApplication - Started AuthorizatiionMicroserviceApplication in 5.494 seconds (JVM running for 6.561)
2021-09-15_15-31-25 [http-nio-8084-exec-3] INFO  c.c.a.service.JwtUserDetailsService - User found
2021-09-15_15-31-25 [http-nio-8084-exec-3] INFO  c.c.a.service.JwtUserDetailsService - user successfully located
2021-09-15_15-31-25 [http-nio-8084-exec-3] INFO  c.c.a.service.JwtUserDetailsService - User found
2021-09-15_15-31-25 [http-nio-8084-exec-3] INFO  c.c.a.service.JwtUserDetailsService - user successfully located
2021-09-15_15-31-25 [http-nio-8084-exec-3] INFO  c.c.a.c.JwtAuthenticationController - eyJhbGciOiJIUzUxMiJ9.eyJzdWIiOiJLYXNoYWYiLCJleHAiOjE2MzE3MDE5MTIsImlhdCI6MTYzMTcwMDExMn0.JuzdG2lo-mmwuebsNOqQsx0d0IkzKJdEzacvOdawMZ1LghcEGK4_d1iQq0DBQJvLfphCQN_knFaj4-Obxf6_mA
2021-09-15_15-31-25 [Thread-7] INFO  o.s.o.j.LocalContainerEntityManagerFactoryBean - Closing JPA EntityManagerFactory for persistence unit 'default'
2021-09-15_15-31-25 [Thread-7] INFO  o.h.t.s.i.SchemaDropperImpl$DelayedDropActionImpl - HHH000477: Starting delayed evictData of schema as part of SessionFactory shut-down'
2021-09-15_15-31-25 [Thread-7] INFO  o.s.s.c.ThreadPoolTaskExecutor - Shutting down ExecutorService 'applicationTaskExecutor'
2021-09-15_15-31-25 [Thread-7] INFO  com.zaxxer.hikari.HikariDataSource - HikariPool-1 - Shutdown initiated...
2021-09-15_15-31-25 [Thread-7] INFO  com.zaxxer.hikari.HikariDataSource - HikariPool-1 - Shutdown completed.
2021-09-15_15-38-24 [restartedMain] INFO  c.c.a.AuthorizatiionMicroserviceApplication - No active profile set, falling back to default profiles: default
2021-09-15_15-38-24 [restartedMain] INFO  o.s.d.r.c.RepositoryConfigurationDelegate - Bootstrapping Spring Data JPA repositories in DEFERRED mode.
2021-09-15_15-38-24 [restartedMain] INFO  o.s.d.r.c.RepositoryConfigurationDelegate - Finished Spring Data repository scanning in 14ms. Found 1 JPA repository interfaces.
2021-09-15_15-38-24 [restartedMain] INFO  o.s.cloud.context.scope.GenericScope - BeanFactory id=69e91d5e-5882-35b1-ab22-fa36fd2aab94
2021-09-15_15-38-24 [restartedMain] INFO  o.s.b.w.e.tomcat.TomcatWebServer - Tomcat initialized with port(s): 8084 (http)
2021-09-15_15-38-24 [restartedMain] INFO  o.a.coyote.http11.Http11NioProtocol - Initializing ProtocolHandler ["http-nio-8084"]
2021-09-15_15-38-24 [restartedMain] INFO  o.a.catalina.core.StandardService - Starting service [Tomcat]
2021-09-15_15-38-24 [restartedMain] INFO  o.a.catalina.core.StandardEngine - Starting Servlet engine: [Apache Tomcat/9.0.37]
2021-09-15_15-38-24 [restartedMain] INFO  o.a.c.c.C.[.[localhost].[/auth] - Initializing Spring embedded WebApplicationContext
2021-09-15_15-38-24 [restartedMain] INFO  o.s.b.w.s.c.ServletWebServerApplicationContext - Root WebApplicationContext: initialization completed in 569 ms
2021-09-15_15-38-24 [restartedMain] INFO  com.zaxxer.hikari.HikariDataSource - HikariPool-2 - Starting...
2021-09-15_15-38-24 [restartedMain] INFO  com.zaxxer.hikari.HikariDataSource - HikariPool-2 - Start completed.
2021-09-15_15-38-24 [restartedMain] INFO  o.s.b.a.h.H2ConsoleAutoConfiguration - H2 console available at '/h2-console'. Database available at 'jdbc:h2:mem:pharmadb'
2021-09-15_15-38-24 [restartedMain] INFO  o.s.s.c.ThreadPoolTaskExecutor - Initializing ExecutorService 'applicationTaskExecutor'
2021-09-15_15-38-24 [task-1] INFO  o.h.jpa.internal.util.LogHelper - HHH000204: Processing PersistenceUnitInfo [name: default]
2021-09-15_15-38-24 [task-1] INFO  org.hibernate.dialect.Dialect - HHH000400: Using dialect: org.hibernate.dialect.H2Dialect
2021-09-15_15-38-24 [task-1] INFO  o.h.e.t.j.p.i.JtaPlatformInitiator - HHH000490: Using JtaPlatform implementation: [org.hibernate.engine.transaction.jta.platform.internal.NoJtaPlatform]
2021-09-15_15-38-24 [task-1] INFO  o.s.o.j.LocalContainerEntityManagerFactoryBean - Initialized JPA EntityManagerFactory for persistence unit 'default'
2021-09-15_15-38-24 [restartedMain] INFO  o.s.b.d.a.OptionalLiveReloadServer - LiveReload server is running on port 35729
2021-09-15_15-38-24 [restartedMain] INFO  s.d.s.w.PropertySourcedRequestMappingHandlerMapping - Mapped URL path [/v2/api-docs] onto method [springfox.documentation.swagger2.web.Swagger2Controller#getDocumentation(String, HttpServletRequest)]
2021-09-15_15-38-24 [restartedMain] INFO  o.s.s.web.DefaultSecurityFilterChain - Creating filter chain: any request, [org.springframework.security.web.context.request.async.WebAsyncManagerIntegrationFilter@463038ad, org.springframework.security.web.context.SecurityContextPersistenceFilter@7d89ebcd, org.springframework.security.web.header.HeaderWriterFilter@48fcbdf3, org.springframework.security.web.authentication.logout.LogoutFilter@8608d00, com.cts.authorization.config.JwtRequestFilter@5edf883, org.springframework.security.web.savedrequest.RequestCacheAwareFilter@290f30e9, org.springframework.security.web.servletapi.SecurityContextHolderAwareRequestFilter@4b1131e, org.springframework.security.web.authentication.AnonymousAuthenticationFilter@6827a99b, org.springframework.security.web.session.SessionManagementFilter@3c704f51, org.springframework.security.web.access.ExceptionTranslationFilter@44a21e13, org.springframework.security.web.access.intercept.FilterSecurityInterceptor@49cd8203]
2021-09-15_15-38-24 [restartedMain] INFO  c.n.c.sources.URLConfigurationSource - To enable URLs as dynamic configuration sources, define System property archaius.configurationSource.additionalUrls or make config.properties available on classpath.
2021-09-15_15-38-24 [restartedMain] INFO  o.a.coyote.http11.Http11NioProtocol - Starting ProtocolHandler ["http-nio-8084"]
2021-09-15_15-38-24 [restartedMain] INFO  o.s.b.w.e.tomcat.TomcatWebServer - Tomcat started on port(s): 8084 (http) with context path '/auth'
2021-09-15_15-38-24 [restartedMain] INFO  s.d.s.w.p.DocumentationPluginsBootstrapper - Context refreshed
2021-09-15_15-38-24 [restartedMain] INFO  s.d.s.w.p.DocumentationPluginsBootstrapper - Found 1 custom documentation plugin(s)
2021-09-15_15-38-24 [restartedMain] INFO  s.d.s.w.s.ApiListingReferenceScanner - Scanning for api listing references
2021-09-15_15-38-24 [restartedMain] INFO  o.s.d.r.c.DeferredRepositoryInitializationListener - Triggering deferred initialization of Spring Data repositories…
2021-09-15_15-38-24 [restartedMain] INFO  o.s.d.r.c.DeferredRepositoryInitializationListener - Spring Data repositories initialized!
2021-09-15_15-38-24 [restartedMain] INFO  c.c.a.AuthorizatiionMicroserviceApplication - Started AuthorizatiionMicroserviceApplication in 1.661 seconds (JVM running for 421.768)
2021-09-15_15-38-24 [restartedMain] INFO  o.s.b.d.a.ConditionEvaluationDeltaLoggingListener - Condition evaluation unchanged
2021-09-15_15-38-24 [http-nio-8084-exec-8] INFO  o.a.c.c.C.[.[localhost].[/auth] - Initializing Spring DispatcherServlet 'dispatcherServlet'
2021-09-15_15-38-24 [http-nio-8084-exec-8] INFO  o.s.web.servlet.DispatcherServlet - Initializing Servlet 'dispatcherServlet'
2021-09-15_15-38-24 [http-nio-8084-exec-8] INFO  o.s.web.servlet.DispatcherServlet - Completed initialization in 3 ms
2021-09-15_15-38-24 [Thread-12] INFO  o.s.o.j.LocalContainerEntityManagerFactoryBean - Closing JPA EntityManagerFactory for persistence unit 'default'
2021-09-15_15-38-24 [Thread-12] INFO  o.h.t.s.i.SchemaDropperImpl$DelayedDropActionImpl - HHH000477: Starting delayed evictData of schema as part of SessionFactory shut-down'
2021-09-15_15-38-24 [Thread-12] INFO  o.s.s.c.ThreadPoolTaskExecutor - Shutting down ExecutorService 'applicationTaskExecutor'
2021-09-15_15-38-24 [Thread-12] INFO  com.zaxxer.hikari.HikariDataSource - HikariPool-2 - Shutdown initiated...
2021-09-15_15-38-24 [Thread-12] INFO  com.zaxxer.hikari.HikariDataSource - HikariPool-2 - Shutdown completed.
2021-09-15_15-40-52 [restartedMain] INFO  c.c.a.AuthorizatiionMicroserviceApplication - No active profile set, falling back to default profiles: default
2021-09-15_15-40-52 [restartedMain] INFO  o.s.d.r.c.RepositoryConfigurationDelegate - Bootstrapping Spring Data JPA repositories in DEFERRED mode.
2021-09-15_15-40-52 [restartedMain] INFO  o.s.d.r.c.RepositoryConfigurationDelegate - Finished Spring Data repository scanning in 15ms. Found 1 JPA repository interfaces.
2021-09-15_15-40-52 [restartedMain] INFO  o.s.cloud.context.scope.GenericScope - BeanFactory id=69e91d5e-5882-35b1-ab22-fa36fd2aab94
2021-09-15_15-40-52 [restartedMain] INFO  o.s.b.w.e.tomcat.TomcatWebServer - Tomcat initialized with port(s): 8084 (http)
2021-09-15_15-40-52 [restartedMain] INFO  o.a.coyote.http11.Http11NioProtocol - Initializing ProtocolHandler ["http-nio-8084"]
2021-09-15_15-40-52 [restartedMain] INFO  o.a.catalina.core.StandardService - Starting service [Tomcat]
2021-09-15_15-40-52 [restartedMain] INFO  o.a.catalina.core.StandardEngine - Starting Servlet engine: [Apache Tomcat/9.0.37]
2021-09-15_15-40-52 [restartedMain] INFO  o.a.c.c.C.[.[localhost].[/auth] - Initializing Spring embedded WebApplicationContext
2021-09-15_15-40-52 [restartedMain] INFO  o.s.b.w.s.c.ServletWebServerApplicationContext - Root WebApplicationContext: initialization completed in 558 ms
2021-09-15_15-40-52 [restartedMain] INFO  com.zaxxer.hikari.HikariDataSource - HikariPool-3 - Starting...
2021-09-15_15-40-52 [restartedMain] INFO  com.zaxxer.hikari.HikariDataSource - HikariPool-3 - Start completed.
2021-09-15_15-40-52 [restartedMain] INFO  o.s.b.a.h.H2ConsoleAutoConfiguration - H2 console available at '/h2-console'. Database available at 'jdbc:h2:mem:pharmadb'
2021-09-15_15-40-52 [restartedMain] INFO  o.s.s.c.ThreadPoolTaskExecutor - Initializing ExecutorService 'applicationTaskExecutor'
2021-09-15_15-40-52 [task-1] INFO  o.h.jpa.internal.util.LogHelper - HHH000204: Processing PersistenceUnitInfo [name: default]
2021-09-15_15-40-52 [task-1] INFO  org.hibernate.dialect.Dialect - HHH000400: Using dialect: org.hibernate.dialect.H2Dialect
2021-09-15_15-40-52 [task-1] INFO  o.h.e.t.j.p.i.JtaPlatformInitiator - HHH000490: Using JtaPlatform implementation: [org.hibernate.engine.transaction.jta.platform.internal.NoJtaPlatform]
2021-09-15_15-40-52 [task-1] INFO  o.s.o.j.LocalContainerEntityManagerFactoryBean - Initialized JPA EntityManagerFactory for persistence unit 'default'
2021-09-15_15-40-52 [task-2] INFO  o.s.b.d.a.OptionalLiveReloadServer - LiveReload server is running on port 35729
2021-09-15_15-40-52 [restartedMain] INFO  s.d.s.w.PropertySourcedRequestMappingHandlerMapping - Mapped URL path [/v2/api-docs] onto method [springfox.documentation.swagger2.web.Swagger2Controller#getDocumentation(String, HttpServletRequest)]
2021-09-15_15-40-52 [restartedMain] INFO  o.s.s.web.DefaultSecurityFilterChain - Creating filter chain: any request, [org.springframework.security.web.context.request.async.WebAsyncManagerIntegrationFilter@dc6a66, org.springframework.security.web.context.SecurityContextPersistenceFilter@6b48ae0e, org.springframework.security.web.header.HeaderWriterFilter@3d415539, org.springframework.security.web.authentication.logout.LogoutFilter@437729dd, com.cts.authorization.config.JwtRequestFilter@23b24a42, org.springframework.security.web.savedrequest.RequestCacheAwareFilter@5cf40454, org.springframework.security.web.servletapi.SecurityContextHolderAwareRequestFilter@6b2b6a6e, org.springframework.security.web.authentication.AnonymousAuthenticationFilter@5c4717ce, org.springframework.security.web.session.SessionManagementFilter@3146e143, org.springframework.security.web.access.ExceptionTranslationFilter@6dab440f, org.springframework.security.web.access.intercept.FilterSecurityInterceptor@1de2ee37]
2021-09-15_15-40-52 [restartedMain] INFO  c.n.c.sources.URLConfigurationSource - To enable URLs as dynamic configuration sources, define System property archaius.configurationSource.additionalUrls or make config.properties available on classpath.
2021-09-15_15-40-52 [restartedMain] INFO  o.a.coyote.http11.Http11NioProtocol - Starting ProtocolHandler ["http-nio-8084"]
2021-09-15_15-40-52 [restartedMain] INFO  o.s.b.w.e.tomcat.TomcatWebServer - Tomcat started on port(s): 8084 (http) with context path '/auth'
2021-09-15_15-40-52 [restartedMain] INFO  s.d.s.w.p.DocumentationPluginsBootstrapper - Context refreshed
2021-09-15_15-40-52 [restartedMain] INFO  s.d.s.w.p.DocumentationPluginsBootstrapper - Found 1 custom documentation plugin(s)
2021-09-15_15-40-52 [restartedMain] INFO  s.d.s.w.s.ApiListingReferenceScanner - Scanning for api listing references
2021-09-15_15-40-52 [restartedMain] INFO  o.s.d.r.c.DeferredRepositoryInitializationListener - Triggering deferred initialization of Spring Data repositories…
2021-09-15_15-40-52 [restartedMain] INFO  o.s.d.r.c.DeferredRepositoryInitializationListener - Spring Data repositories initialized!
2021-09-15_15-40-52 [restartedMain] INFO  c.c.a.AuthorizatiionMicroserviceApplication - Started AuthorizatiionMicroserviceApplication in 1.482 seconds (JVM running for 570.146)
2021-09-15_15-40-52 [restartedMain] INFO  o.s.b.d.a.ConditionEvaluationDeltaLoggingListener - Condition evaluation unchanged
2021-09-15_15-40-52 [Thread-20] INFO  o.s.o.j.LocalContainerEntityManagerFactoryBean - Closing JPA EntityManagerFactory for persistence unit 'default'
2021-09-15_15-40-52 [Thread-20] INFO  o.h.t.s.i.SchemaDropperImpl$DelayedDropActionImpl - HHH000477: Starting delayed evictData of schema as part of SessionFactory shut-down'
2021-09-15_15-40-52 [Thread-20] INFO  o.s.s.c.ThreadPoolTaskExecutor - Shutting down ExecutorService 'applicationTaskExecutor'
2021-09-15_15-40-52 [Thread-20] INFO  com.zaxxer.hikari.HikariDataSource - HikariPool-3 - Shutdown initiated...
2021-09-15_15-40-52 [Thread-20] INFO  com.zaxxer.hikari.HikariDataSource - HikariPool-3 - Shutdown completed.
2021-09-15_15-40-56 [restartedMain] INFO  c.c.a.AuthorizatiionMicroserviceApplication - No active profile set, falling back to default profiles: default
2021-09-15_15-40-56 [restartedMain] INFO  o.s.d.r.c.RepositoryConfigurationDelegate - Bootstrapping Spring Data JPA repositories in DEFERRED mode.
2021-09-15_15-40-56 [restartedMain] INFO  o.s.d.r.c.RepositoryConfigurationDelegate - Finished Spring Data repository scanning in 14ms. Found 1 JPA repository interfaces.
2021-09-15_15-40-56 [restartedMain] INFO  o.s.cloud.context.scope.GenericScope - BeanFactory id=69e91d5e-5882-35b1-ab22-fa36fd2aab94
2021-09-15_15-40-56 [restartedMain] INFO  o.s.b.w.e.tomcat.TomcatWebServer - Tomcat initialized with port(s): 8084 (http)
2021-09-15_15-40-56 [restartedMain] INFO  o.a.coyote.http11.Http11NioProtocol - Initializing ProtocolHandler ["http-nio-8084"]
2021-09-15_15-40-56 [restartedMain] INFO  o.a.catalina.core.StandardService - Starting service [Tomcat]
2021-09-15_15-40-56 [restartedMain] INFO  o.a.catalina.core.StandardEngine - Starting Servlet engine: [Apache Tomcat/9.0.37]
2021-09-15_15-40-56 [restartedMain] INFO  o.a.c.c.C.[.[localhost].[/auth] - Initializing Spring embedded WebApplicationContext
2021-09-15_15-40-56 [restartedMain] INFO  o.s.b.w.s.c.ServletWebServerApplicationContext - Root WebApplicationContext: initialization completed in 584 ms
2021-09-15_15-40-56 [restartedMain] INFO  com.zaxxer.hikari.HikariDataSource - HikariPool-4 - Starting...
2021-09-15_15-40-56 [restartedMain] INFO  com.zaxxer.hikari.HikariDataSource - HikariPool-4 - Start completed.
2021-09-15_15-40-56 [restartedMain] INFO  o.s.b.a.h.H2ConsoleAutoConfiguration - H2 console available at '/h2-console'. Database available at 'jdbc:h2:mem:pharmadb'
2021-09-15_15-40-56 [restartedMain] INFO  o.s.s.c.ThreadPoolTaskExecutor - Initializing ExecutorService 'applicationTaskExecutor'
2021-09-15_15-40-56 [task-1] INFO  o.h.jpa.internal.util.LogHelper - HHH000204: Processing PersistenceUnitInfo [name: default]
2021-09-15_15-40-56 [task-1] INFO  org.hibernate.dialect.Dialect - HHH000400: Using dialect: org.hibernate.dialect.H2Dialect
2021-09-15_15-40-56 [task-1] INFO  o.h.e.t.j.p.i.JtaPlatformInitiator - HHH000490: Using JtaPlatform implementation: [org.hibernate.engine.transaction.jta.platform.internal.NoJtaPlatform]
2021-09-15_15-40-56 [task-1] INFO  o.s.o.j.LocalContainerEntityManagerFactoryBean - Initialized JPA EntityManagerFactory for persistence unit 'default'
2021-09-15_15-40-56 [restartedMain] INFO  o.s.b.d.a.OptionalLiveReloadServer - LiveReload server is running on port 35729
2021-09-15_15-40-56 [restartedMain] INFO  s.d.s.w.PropertySourcedRequestMappingHandlerMapping - Mapped URL path [/v2/api-docs] onto method [springfox.documentation.swagger2.web.Swagger2Controller#getDocumentation(String, HttpServletRequest)]
2021-09-15_15-40-56 [restartedMain] INFO  o.s.s.web.DefaultSecurityFilterChain - Creating filter chain: any request, [org.springframework.security.web.context.request.async.WebAsyncManagerIntegrationFilter@1159757d, org.springframework.security.web.context.SecurityContextPersistenceFilter@72d4d933, org.springframework.security.web.header.HeaderWriterFilter@4c84779e, org.springframework.security.web.authentication.logout.LogoutFilter@168b26c0, com.cts.authorization.config.JwtRequestFilter@3133ca79, org.springframework.security.web.savedrequest.RequestCacheAwareFilter@21f4caf9, org.springframework.security.web.servletapi.SecurityContextHolderAwareRequestFilter@4ea371de, org.springframework.security.web.authentication.AnonymousAuthenticationFilter@46d90b18, org.springframework.security.web.session.SessionManagementFilter@26155f17, org.springframework.security.web.access.ExceptionTranslationFilter@77849efe, org.springframework.security.web.access.intercept.FilterSecurityInterceptor@45440976]
2021-09-15_15-40-56 [restartedMain] INFO  c.n.c.sources.URLConfigurationSource - To enable URLs as dynamic configuration sources, define System property archaius.configurationSource.additionalUrls or make config.properties available on classpath.
2021-09-15_15-40-56 [restartedMain] INFO  o.a.coyote.http11.Http11NioProtocol - Starting ProtocolHandler ["http-nio-8084"]
2021-09-15_15-40-56 [restartedMain] INFO  o.s.b.w.e.tomcat.TomcatWebServer - Tomcat started on port(s): 8084 (http) with context path '/auth'
2021-09-15_15-40-56 [restartedMain] INFO  s.d.s.w.p.DocumentationPluginsBootstrapper - Context refreshed
2021-09-15_15-40-56 [restartedMain] INFO  s.d.s.w.p.DocumentationPluginsBootstrapper - Found 1 custom documentation plugin(s)
2021-09-15_15-40-56 [restartedMain] INFO  s.d.s.w.s.ApiListingReferenceScanner - Scanning for api listing references
2021-09-15_15-40-56 [restartedMain] INFO  o.s.d.r.c.DeferredRepositoryInitializationListener - Triggering deferred initialization of Spring Data repositories…
2021-09-15_15-40-56 [restartedMain] INFO  o.s.d.r.c.DeferredRepositoryInitializationListener - Spring Data repositories initialized!
2021-09-15_15-40-56 [restartedMain] INFO  c.c.a.AuthorizatiionMicroserviceApplication - Started AuthorizatiionMicroserviceApplication in 1.509 seconds (JVM running for 574.12)
2021-09-15_15-40-56 [restartedMain] INFO  o.s.b.d.a.ConditionEvaluationDeltaLoggingListener - Condition evaluation unchanged
2021-09-15_15-40-56 [http-nio-8084-exec-2] INFO  o.a.c.c.C.[.[localhost].[/auth] - Initializing Spring DispatcherServlet 'dispatcherServlet'
2021-09-15_15-40-56 [http-nio-8084-exec-2] INFO  o.s.web.servlet.DispatcherServlet - Initializing Servlet 'dispatcherServlet'
2021-09-15_15-40-56 [http-nio-8084-exec-2] INFO  o.s.web.servlet.DispatcherServlet - Completed initialization in 2 ms
2021-09-15_15-40-56 [RMI TCP Connection(16)-127.0.0.1] INFO  o.s.b.a.SpringApplicationAdminMXBeanRegistrar$SpringApplicationAdmin - Application shutdown requested.
2021-09-15_15-40-56 [RMI TCP Connection(16)-127.0.0.1] INFO  o.a.coyote.http11.Http11NioProtocol - Pausing ProtocolHandler ["http-nio-8084"]
2021-09-15_15-40-56 [RMI TCP Connection(16)-127.0.0.1] INFO  o.a.catalina.core.StandardService - Stopping service [Tomcat]
2021-09-15_15-40-56 [RMI TCP Connection(16)-127.0.0.1] INFO  o.a.c.c.C.[.[localhost].[/auth] - Destroying Spring FrameworkServlet 'dispatcherServlet'
2021-09-15_15-40-56 [RMI TCP Connection(16)-127.0.0.1] INFO  o.a.coyote.http11.Http11NioProtocol - Stopping ProtocolHandler ["http-nio-8084"]
2021-09-15_15-40-56 [RMI TCP Connection(16)-127.0.0.1] INFO  o.a.coyote.http11.Http11NioProtocol - Destroying ProtocolHandler ["http-nio-8084"]
2021-09-15_15-40-56 [RMI TCP Connection(16)-127.0.0.1] INFO  o.s.o.j.LocalContainerEntityManagerFactoryBean - Closing JPA EntityManagerFactory for persistence unit 'default'
2021-09-15_15-40-56 [RMI TCP Connection(16)-127.0.0.1] INFO  o.h.t.s.i.SchemaDropperImpl$DelayedDropActionImpl - HHH000477: Starting delayed evictData of schema as part of SessionFactory shut-down'
2021-09-15_15-40-56 [RMI TCP Connection(16)-127.0.0.1] INFO  o.s.s.c.ThreadPoolTaskExecutor - Shutting down ExecutorService 'applicationTaskExecutor'
2021-09-15_15-40-56 [RMI TCP Connection(16)-127.0.0.1] INFO  com.zaxxer.hikari.HikariDataSource - HikariPool-4 - Shutdown initiated...
2021-09-15_15-40-56 [RMI TCP Connection(16)-127.0.0.1] INFO  com.zaxxer.hikari.HikariDataSource - HikariPool-4 - Shutdown completed.
