2021-09-06_12-50-14 [restartedMain] INFO  o.s.b.d.e.DevToolsPropertyDefaultsPostProcessor - Devtools property defaults active! Set 'spring.devtools.add-properties' to 'false' to disable
2021-09-06_12-50-14 [restartedMain] INFO  c.c.a.AuthorizatiionMicroserviceApplication - No active profile set, falling back to default profiles: default
2021-09-06_12-50-14 [restartedMain] INFO  o.s.d.r.c.RepositoryConfigurationDelegate - Bootstrapping Spring Data JPA repositories in DEFERRED mode.
2021-09-06_12-50-14 [restartedMain] INFO  o.s.d.r.c.RepositoryConfigurationDelegate - Finished Spring Data repository scanning in 60ms. Found 1 JPA repository interfaces.
2021-09-06_12-50-14 [restartedMain] INFO  o.s.cloud.context.scope.GenericScope - BeanFactory id=54f8e8aa-6ec8-3f23-893f-069dcf3a2ecc
2021-09-06_12-50-14 [restartedMain] INFO  o.s.b.w.e.tomcat.TomcatWebServer - Tomcat initialized with port(s): 8084 (http)
2021-09-06_12-50-14 [restartedMain] INFO  o.a.coyote.http11.Http11NioProtocol - Initializing ProtocolHandler ["http-nio-8084"]
2021-09-06_12-50-14 [restartedMain] INFO  o.a.catalina.core.StandardService - Starting service [Tomcat]
2021-09-06_12-50-14 [restartedMain] INFO  o.a.catalina.core.StandardEngine - Starting Servlet engine: [Apache Tomcat/9.0.37]
2021-09-06_12-50-14 [restartedMain] INFO  o.a.c.c.C.[.[localhost].[/auth] - Initializing Spring embedded WebApplicationContext
2021-09-06_12-50-14 [restartedMain] INFO  o.s.b.w.s.c.ServletWebServerApplicationContext - Root WebApplicationContext: initialization completed in 1843 ms
2021-09-06_12-50-14 [restartedMain] INFO  com.zaxxer.hikari.HikariDataSource - HikariPool-1 - Starting...
2021-09-06_12-50-14 [restartedMain] INFO  com.zaxxer.hikari.HikariDataSource - HikariPool-1 - Start completed.
2021-09-06_12-50-14 [restartedMain] INFO  o.s.b.a.h.H2ConsoleAutoConfiguration - H2 console available at '/h2-console'. Database available at 'jdbc:h2:mem:pharmadb'
2021-09-06_12-50-14 [restartedMain] INFO  o.s.s.c.ThreadPoolTaskExecutor - Initializing ExecutorService 'applicationTaskExecutor'
2021-09-06_12-50-14 [task-1] INFO  o.h.jpa.internal.util.LogHelper - HHH000204: Processing PersistenceUnitInfo [name: default]
2021-09-06_12-50-14 [task-1] INFO  org.hibernate.Version - HHH000412: Hibernate ORM core version 5.4.18.Final
2021-09-06_12-50-14 [task-1] INFO  o.h.annotations.common.Version - HCANN000001: Hibernate Commons Annotations {5.1.0.Final}
2021-09-06_12-50-14 [task-1] INFO  org.hibernate.dialect.Dialect - HHH000400: Using dialect: org.hibernate.dialect.H2Dialect
2021-09-06_12-50-14 [restartedMain] INFO  s.d.s.w.PropertySourcedRequestMappingHandlerMapping - Mapped URL path [/v2/api-docs] onto method [springfox.documentation.swagger2.web.Swagger2Controller#getDocumentation(String, HttpServletRequest)]
2021-09-06_12-50-14 [restartedMain] INFO  o.s.s.web.DefaultSecurityFilterChain - Creating filter chain: any request, [org.springframework.security.web.context.request.async.WebAsyncManagerIntegrationFilter@5d3de9df, org.springframework.security.web.context.SecurityContextPersistenceFilter@127102a, org.springframework.security.web.header.HeaderWriterFilter@ca4f7f9, org.springframework.security.web.authentication.logout.LogoutFilter@785ebba7, com.cts.authorization.config.JwtRequestFilter@4cb58d7a, org.springframework.security.web.savedrequest.RequestCacheAwareFilter@4da2b7e, org.springframework.security.web.servletapi.SecurityContextHolderAwareRequestFilter@305a1a5c, org.springframework.security.web.authentication.AnonymousAuthenticationFilter@b69d177, org.springframework.security.web.session.SessionManagementFilter@1bd4a401, org.springframework.security.web.access.ExceptionTranslationFilter@476dc9f7, org.springframework.security.web.access.intercept.FilterSecurityInterceptor@7d34b503]
2021-09-06_12-50-14 [restartedMain] INFO  c.n.c.sources.URLConfigurationSource - To enable URLs as dynamic configuration sources, define System property archaius.configurationSource.additionalUrls or make config.properties available on classpath.
2021-09-06_12-50-14 [restartedMain] INFO  c.n.c.sources.URLConfigurationSource - To enable URLs as dynamic configuration sources, define System property archaius.configurationSource.additionalUrls or make config.properties available on classpath.
2021-09-06_12-50-14 [restartedMain] INFO  o.s.b.d.a.OptionalLiveReloadServer - LiveReload server is running on port 35729
2021-09-06_12-50-14 [task-1] INFO  o.h.e.t.j.p.i.JtaPlatformInitiator - HHH000490: Using JtaPlatform implementation: [org.hibernate.engine.transaction.jta.platform.internal.NoJtaPlatform]
2021-09-06_12-50-14 [task-1] INFO  o.s.o.j.LocalContainerEntityManagerFactoryBean - Initialized JPA EntityManagerFactory for persistence unit 'default'
2021-09-06_12-50-14 [restartedMain] INFO  o.a.coyote.http11.Http11NioProtocol - Starting ProtocolHandler ["http-nio-8084"]
2021-09-06_12-50-14 [restartedMain] INFO  o.s.b.w.e.tomcat.TomcatWebServer - Tomcat started on port(s): 8084 (http) with context path '/auth'
2021-09-06_12-50-14 [restartedMain] INFO  s.d.s.w.p.DocumentationPluginsBootstrapper - Context refreshed
2021-09-06_12-50-14 [restartedMain] INFO  s.d.s.w.p.DocumentationPluginsBootstrapper - Found 1 custom documentation plugin(s)
2021-09-06_12-50-14 [restartedMain] INFO  s.d.s.w.s.ApiListingReferenceScanner - Scanning for api listing references
2021-09-06_12-50-14 [restartedMain] INFO  o.s.d.r.c.DeferredRepositoryInitializationListener - Triggering deferred initialization of Spring Data repositories…
2021-09-06_12-50-14 [restartedMain] INFO  o.s.d.r.c.DeferredRepositoryInitializationListener - Spring Data repositories initialized!
2021-09-06_12-50-14 [restartedMain] INFO  c.c.a.AuthorizatiionMicroserviceApplication - Started AuthorizatiionMicroserviceApplication in 4.882 seconds (JVM running for 5.837)
2021-09-06_12-50-14 [http-nio-8084-exec-2] INFO  o.a.c.c.C.[.[localhost].[/auth] - Initializing Spring DispatcherServlet 'dispatcherServlet'
2021-09-06_12-50-14 [http-nio-8084-exec-2] INFO  o.s.web.servlet.DispatcherServlet - Initializing Servlet 'dispatcherServlet'
2021-09-06_12-50-14 [http-nio-8084-exec-2] INFO  o.s.web.servlet.DispatcherServlet - Completed initialization in 7 ms
2021-09-06_12-50-14 [http-nio-8084-exec-5] INFO  c.c.a.service.JwtUserDetailsService - User found
2021-09-06_12-50-14 [http-nio-8084-exec-5] INFO  c.c.a.service.JwtUserDetailsService - user successfully located
2021-09-06_12-50-14 [http-nio-8084-exec-5] INFO  c.c.a.service.JwtUserDetailsService - User found
2021-09-06_12-50-14 [http-nio-8084-exec-5] INFO  c.c.a.service.JwtUserDetailsService - user successfully located
2021-09-06_12-50-14 [http-nio-8084-exec-5] INFO  c.c.a.c.JwtAuthenticationController - eyJhbGciOiJIUzUxMiJ9.eyJzdWIiOiJhZG1pbiIsImV4cCI6MTYzMDkxNDg0NiwiaWF0IjoxNjMwOTEzMDQ2fQ.kGFHG7CH5dtVIN-2zAN85qL8uBgTnzJP-na45FoVh9dQQaMjKw-HCvxKh3uJxdw-4QKigJZdgnLIAyF-R2GdDA
